# 端到端干跑日志（pristine 基线 → apply.sh → 构建 → 黑盒）

## apply.sh 输出（节选）
[FIX]      code/ecommerce-app/src/main/java/com/ecommerce/app/SecurityConfig.java
[FIX]      code/ecommerce-app/src/main/java/com/ecommerce/app/controller/SystemAdminController.java
[FIX]      code/ecommerce-cart/pom.xml
[FIX]      code/ecommerce-cart/src/main/java/com/ecommerce/cart/dto/CartEstimateResponse.java
[FIX]      code/ecommerce-cart/src/main/java/com/ecommerce/cart/service/CartService.java
[FIX]      code/ecommerce-cart/src/main/java/com/ecommerce/cart/service/CartValidationService.java
  ...（共 193 项，完整见 apply-report）
apply-report: checked=193  applied(fix)=150  added=31 variant-imposed=0  already-fixed=0  deleted=12 del-absent=0  failed=0
RESULT: OK (all 193 verified fixes are in place)
APPLY_EXIT=0

## 源码一致性（apply 后 vs 已验证工作树，仅 target/ 构建产物差异）
Only in ./code/ecommerce-app: target
Only in ./code/ecommerce-cart: target
Only in ./code/ecommerce-common: target
  ...（仅构建产物；无任何源文件内容差异）

## 构建
INSTALL_EXIT=0

## 黑盒
[INFO] Tests run: 24, Failures: 0, Errors: 0, Skipped: 0
BLACKBOX_EXIT=0
